TN:
SF:/Users/work/observer/src/index.js
FN:1,(anonymous_1)
FN:12,(anonymous_2)
FN:24,(anonymous_3)
FN:35,(anonymous_4)
FN:36,(anonymous_5)
FN:39,(anonymous_6)
FNF:6
FNH:6
FNDA:1,(anonymous_1)
FNDA:1,(anonymous_2)
FNDA:1,(anonymous_3)
FNDA:2,(anonymous_4)
FNDA:2,(anonymous_5)
FNDA:2,(anonymous_6)
DA:1,1
DA:2,1
DA:5,1
DA:12,1
DA:13,1
DA:14,1
DA:15,1
DA:16,1
DA:17,1
DA:18,0
DA:21,1
DA:24,1
DA:25,1
DA:32,1
DA:35,1
DA:36,2
DA:39,2
DA:42,2
DA:44,1
DA:48,1
DA:50,1
DA:52,1
DA:53,1
DA:55,1
DA:56,1
DA:57,1
DA:60,1
DA:62,1
DA:63,1
DA:67,0
DA:76,1
DA:83,1
DA:85,1
DA:87,1
DA:90,1
LF:35
LH:33
BRDA:17,1,0,0
BRDA:17,1,1,1
BRDA:42,2,0,1
BRDA:42,2,1,1
BRDA:55,3,0,1
BRDA:55,3,1,0
BRDA:55,4,0,1
BRDA:55,4,1,1
BRF:8
BRH:6
end_of_record
