TN:
SF:/Users/work/observer/src/index.js
FN:1,(anonymous_1)
FN:12,(anonymous_2)
FN:24,(anonymous_3)
FN:35,(anonymous_4)
FN:36,(anonymous_5)
FN:44,(anonymous_6)
FNF:6
FNH:6
FNDA:1,(anonymous_1)
FNDA:1,(anonymous_2)
FNDA:1,(anonymous_3)
FNDA:2,(anonymous_4)
FNDA:2,(anonymous_5)
FNDA:2,(anonymous_6)
DA:1,1
DA:2,1
DA:5,1
DA:12,1
DA:13,1
DA:14,1
DA:15,1
DA:16,1
DA:17,1
DA:18,0
DA:21,1
DA:24,1
DA:25,1
DA:32,1
DA:35,1
DA:36,2
DA:39,2
DA:40,0
DA:44,2
DA:47,2
DA:49,1
DA:53,1
DA:55,1
DA:57,1
DA:58,1
DA:61,1
DA:63,0
DA:67,1
DA:68,1
DA:69,1
DA:72,1
DA:74,1
DA:75,1
DA:79,0
DA:88,1
DA:95,1
DA:97,1
DA:99,1
DA:102,1
LF:39
LH:35
BRDA:17,1,0,0
BRDA:17,1,1,1
BRDA:39,2,0,0
BRDA:39,2,1,2
BRDA:47,3,0,1
BRDA:47,3,1,1
BRDA:61,4,0,0
BRDA:61,4,1,1
BRDA:61,5,0,1
BRDA:61,5,1,0
BRDA:67,6,0,1
BRDA:67,6,1,0
BRDA:67,7,0,1
BRDA:67,7,1,1
BRF:14
BRH:9
end_of_record
